<?xml version="1.0" encoding="UTF-8"?>
<testsuite name="com.fdmgroup.fdmazon.model.ProductTest" time="0.005" tests="21" errors="0" skipped="0" failures="0">
  <properties>
    <property name="java.runtime.name" value="OpenJDK Runtime Environment"/>
    <property name="sun.boot.library.path" value="/usr/lib/jvm/java-8-openjdk-amd64/jre/lib/amd64"/>
    <property name="java.vm.version" value="25.252-b09"/>
    <property name="java.vm.vendor" value="Private Build"/>
    <property name="maven.multiModuleProjectDirectory" value="/home/deerag323/wsliberty"/>
    <property name="java.vendor.url" value="http://java.oracle.com/"/>
    <property name="path.separator" value=":"/>
    <property name="guice.disable.misplaced.annotation.check" value="true"/>
    <property name="java.vm.name" value="OpenJDK 64-Bit Server VM"/>
    <property name="file.encoding.pkg" value="sun.io"/>
    <property name="user.country" value="US"/>
    <property name="sun.java.launcher" value="SUN_STANDARD"/>
    <property name="sun.os.patch.level" value="unknown"/>
    <property name="java.vm.specification.name" value="Java Virtual Machine Specification"/>
    <property name="user.dir" value="/home/deerag323/wsliberty"/>
    <property name="java.runtime.version" value="1.8.0_252-8u252-b09-1~16.04-b09"/>
    <property name="java.awt.graphicsenv" value="sun.awt.X11GraphicsEnvironment"/>
    <property name="java.endorsed.dirs" value="/usr/lib/jvm/java-8-openjdk-amd64/jre/lib/endorsed"/>
    <property name="os.arch" value="amd64"/>
    <property name="java.io.tmpdir" value="/tmp"/>
    <property name="line.separator" value="&#10;"/>
    <property name="java.vm.specification.vendor" value="Oracle Corporation"/>
    <property name="os.name" value="Linux"/>
    <property name="classworlds.conf" value="/usr/share/maven/bin/m2.conf"/>
    <property name="sun.jnu.encoding" value="UTF-8"/>
    <property name="java.library.path" value="/usr/java/packages/lib/amd64:/usr/lib/x86_64-linux-gnu/jni:/lib/x86_64-linux-gnu:/usr/lib/x86_64-linux-gnu:/usr/lib/jni:/lib:/usr/lib"/>
    <property name="java.specification.name" value="Java Platform API Specification"/>
    <property name="java.class.version" value="52.0"/>
    <property name="sun.management.compiler" value="HotSpot 64-Bit Tiered Compilers"/>
    <property name="os.version" value="4.15.0-1071-gcp"/>
    <property name="user.home" value="/root"/>
    <property name="user.timezone" value="Etc/UTC"/>
    <property name="java.awt.printerjob" value="sun.print.PSPrinterJob"/>
    <property name="file.encoding" value="UTF-8"/>
    <property name="java.specification.version" value="1.8"/>
    <property name="user.name" value="root"/>
    <property name="java.class.path" value="/usr/share/maven/boot/plexus-classworlds-2.x.jar"/>
    <property name="java.vm.specification.version" value="1.8"/>
    <property name="sun.arch.data.model" value="64"/>
    <property name="java.home" value="/usr/lib/jvm/java-8-openjdk-amd64/jre"/>
    <property name="sun.java.command" value="org.codehaus.plexus.classworlds.launcher.Launcher clean install"/>
    <property name="java.specification.vendor" value="Oracle Corporation"/>
    <property name="user.language" value="en"/>
    <property name="awt.toolkit" value="sun.awt.X11.XToolkit"/>
    <property name="java.vm.info" value="mixed mode"/>
    <property name="java.version" value="1.8.0_252"/>
    <property name="java.ext.dirs" value="/usr/lib/jvm/java-8-openjdk-amd64/jre/lib/ext:/usr/java/packages/lib/ext"/>
    <property name="securerandom.source" value="file:/dev/./urandom"/>
    <property name="sun.boot.class.path" value="/usr/lib/jvm/java-8-openjdk-amd64/jre/lib/resources.jar:/usr/lib/jvm/java-8-openjdk-amd64/jre/lib/rt.jar:/usr/lib/jvm/java-8-openjdk-amd64/jre/lib/sunrsasign.jar:/usr/lib/jvm/java-8-openjdk-amd64/jre/lib/jsse.jar:/usr/lib/jvm/java-8-openjdk-amd64/jre/lib/jce.jar:/usr/lib/jvm/java-8-openjdk-amd64/jre/lib/charsets.jar:/usr/lib/jvm/java-8-openjdk-amd64/jre/lib/jfr.jar:/usr/lib/jvm/java-8-openjdk-amd64/jre/classes"/>
    <property name="java.vendor" value="Private Build"/>
    <property name="maven.home" value="/usr/share/maven"/>
    <property name="file.separator" value="/"/>
    <property name="java.vendor.url.bug" value="http://bugreport.sun.com/bugreport/"/>
    <property name="sun.cpu.endian" value="little"/>
    <property name="sun.io.unicode.encoding" value="UnicodeLittle"/>
    <property name="sun.cpu.isalist" value=""/>
  </properties>
  <testcase name="test_SetStock_ReturnFive_WhenSetToFive" classname="com.fdmgroup.fdmazon.model.ProductTest" time="0"/>
  <testcase name="test_GetProductCode_ReturnProductCode_WhenCalled" classname="com.fdmgroup.fdmazon.model.ProductTest" time="0"/>
  <testcase name="test_SetProductBrand_ReturnABC_WhenSetToABC" classname="com.fdmgroup.fdmazon.model.ProductTest" time="0"/>
  <testcase name="test_SetProductImg_ReturnABC_WhenSetToABC" classname="com.fdmgroup.fdmazon.model.ProductTest" time="0"/>
  <testcase name="test_GetProductImg_ReturnProductImg_WhenCalled" classname="com.fdmgroup.fdmazon.model.ProductTest" time="0"/>
  <testcase name="test_SetProductDescription_ReturnABC_WhenSetToABC" classname="com.fdmgroup.fdmazon.model.ProductTest" time="0.001"/>
  <testcase name="test_SetProductId_ReturnFive_WhenSetFive" classname="com.fdmgroup.fdmazon.model.ProductTest" time="0"/>
  <testcase name="test_SetOrderProductList_ReturnList_WhenSetToList" classname="com.fdmgroup.fdmazon.model.ProductTest" time="0"/>
  <testcase name="test_GetProductDescription_ReturnProductDescription_WhenCalled" classname="com.fdmgroup.fdmazon.model.ProductTest" time="0"/>
  <testcase name="test_SetProductPrice_ReturnOneHundred_WhenSetToOneHundred" classname="com.fdmgroup.fdmazon.model.ProductTest" time="0"/>
  <testcase name="test_ToString_ReturnNotNull_WhenCalled" classname="com.fdmgroup.fdmazon.model.ProductTest" time="0.002"/>
  <testcase name="test_SetCategory_ReturnABC_WhenSetToABC" classname="com.fdmgroup.fdmazon.model.ProductTest" time="0"/>
  <testcase name="test_SetProductCode_ReturnABC_WhenSetToABC" classname="com.fdmgroup.fdmazon.model.ProductTest" time="0"/>
  <testcase name="test_SetProductName_ReturnABC_WhenSetToABC" classname="com.fdmgroup.fdmazon.model.ProductTest" time="0.001"/>
  <testcase name="test_GetProductPrice_ReturnOne_WhenCalled" classname="com.fdmgroup.fdmazon.model.ProductTest" time="0"/>
  <testcase name="test_GetOrderProductList_ReturnNotNull_WhenCalled" classname="com.fdmgroup.fdmazon.model.ProductTest" time="0.001"/>
  <testcase name="test_GetProductBrand_ReturnProductBrand_WhenCalled" classname="com.fdmgroup.fdmazon.model.ProductTest" time="0"/>
  <testcase name="test_GetProductName_ReturnProductName_WhenCalled" classname="com.fdmgroup.fdmazon.model.ProductTest" time="0"/>
  <testcase name="test_GetStock_ReturnOne_WhenCalled" classname="com.fdmgroup.fdmazon.model.ProductTest" time="0"/>
  <testcase name="test_GetCategory_ReturnCategory_WhenCalled" classname="com.fdmgroup.fdmazon.model.ProductTest" time="0"/>
  <testcase name="test_GetProductId_ReturnNotNull_WhenCalled" classname="com.fdmgroup.fdmazon.model.ProductTest" time="0"/>
</testsuite>