<?xml version="1.0" encoding="UTF-8"?>
<testsuite name="com.fdmgroup.fdmazon.model.OrderTest" time="0.02" tests="34" errors="0" skipped="0" failures="0">
  <properties>
    <property name="java.runtime.name" value="OpenJDK Runtime Environment"/>
    <property name="sun.boot.library.path" value="/usr/lib/jvm/java-8-openjdk-amd64/jre/lib/amd64"/>
    <property name="java.vm.version" value="25.252-b09"/>
    <property name="java.vm.vendor" value="Private Build"/>
    <property name="maven.multiModuleProjectDirectory" value="/home/deerag323/wsliberty"/>
    <property name="java.vendor.url" value="http://java.oracle.com/"/>
    <property name="path.separator" value=":"/>
    <property name="guice.disable.misplaced.annotation.check" value="true"/>
    <property name="java.vm.name" value="OpenJDK 64-Bit Server VM"/>
    <property name="file.encoding.pkg" value="sun.io"/>
    <property name="user.country" value="US"/>
    <property name="sun.java.launcher" value="SUN_STANDARD"/>
    <property name="sun.os.patch.level" value="unknown"/>
    <property name="java.vm.specification.name" value="Java Virtual Machine Specification"/>
    <property name="user.dir" value="/home/deerag323/wsliberty"/>
    <property name="java.runtime.version" value="1.8.0_252-8u252-b09-1~16.04-b09"/>
    <property name="java.awt.graphicsenv" value="sun.awt.X11GraphicsEnvironment"/>
    <property name="java.endorsed.dirs" value="/usr/lib/jvm/java-8-openjdk-amd64/jre/lib/endorsed"/>
    <property name="os.arch" value="amd64"/>
    <property name="java.io.tmpdir" value="/tmp"/>
    <property name="line.separator" value="&#10;"/>
    <property name="java.vm.specification.vendor" value="Oracle Corporation"/>
    <property name="os.name" value="Linux"/>
    <property name="classworlds.conf" value="/usr/share/maven/bin/m2.conf"/>
    <property name="sun.jnu.encoding" value="UTF-8"/>
    <property name="java.library.path" value="/usr/java/packages/lib/amd64:/usr/lib/x86_64-linux-gnu/jni:/lib/x86_64-linux-gnu:/usr/lib/x86_64-linux-gnu:/usr/lib/jni:/lib:/usr/lib"/>
    <property name="java.specification.name" value="Java Platform API Specification"/>
    <property name="java.class.version" value="52.0"/>
    <property name="sun.management.compiler" value="HotSpot 64-Bit Tiered Compilers"/>
    <property name="os.version" value="4.15.0-1071-gcp"/>
    <property name="user.home" value="/root"/>
    <property name="user.timezone" value="Etc/UTC"/>
    <property name="java.awt.printerjob" value="sun.print.PSPrinterJob"/>
    <property name="file.encoding" value="UTF-8"/>
    <property name="java.specification.version" value="1.8"/>
    <property name="user.name" value="root"/>
    <property name="java.class.path" value="/usr/share/maven/boot/plexus-classworlds-2.x.jar"/>
    <property name="java.vm.specification.version" value="1.8"/>
    <property name="sun.arch.data.model" value="64"/>
    <property name="java.home" value="/usr/lib/jvm/java-8-openjdk-amd64/jre"/>
    <property name="sun.java.command" value="org.codehaus.plexus.classworlds.launcher.Launcher clean install"/>
    <property name="java.specification.vendor" value="Oracle Corporation"/>
    <property name="user.language" value="en"/>
    <property name="awt.toolkit" value="sun.awt.X11.XToolkit"/>
    <property name="java.vm.info" value="mixed mode"/>
    <property name="java.version" value="1.8.0_252"/>
    <property name="java.ext.dirs" value="/usr/lib/jvm/java-8-openjdk-amd64/jre/lib/ext:/usr/java/packages/lib/ext"/>
    <property name="securerandom.source" value="file:/dev/./urandom"/>
    <property name="sun.boot.class.path" value="/usr/lib/jvm/java-8-openjdk-amd64/jre/lib/resources.jar:/usr/lib/jvm/java-8-openjdk-amd64/jre/lib/rt.jar:/usr/lib/jvm/java-8-openjdk-amd64/jre/lib/sunrsasign.jar:/usr/lib/jvm/java-8-openjdk-amd64/jre/lib/jsse.jar:/usr/lib/jvm/java-8-openjdk-amd64/jre/lib/jce.jar:/usr/lib/jvm/java-8-openjdk-amd64/jre/lib/charsets.jar:/usr/lib/jvm/java-8-openjdk-amd64/jre/lib/jfr.jar:/usr/lib/jvm/java-8-openjdk-amd64/jre/classes"/>
    <property name="java.vendor" value="Private Build"/>
    <property name="maven.home" value="/usr/share/maven"/>
    <property name="file.separator" value="/"/>
    <property name="java.vendor.url.bug" value="http://bugreport.sun.com/bugreport/"/>
    <property name="sun.cpu.endian" value="little"/>
    <property name="sun.io.unicode.encoding" value="UnicodeLittle"/>
    <property name="sun.cpu.isalist" value=""/>
  </properties>
  <testcase name="test_SetUser_ReturnUser_WhenSetToUser" classname="com.fdmgroup.fdmazon.model.OrderTest" time="0.003"/>
  <testcase name="test_RandomCharGenerator_ReturnStringLengthOfTen_WhenTenCharGenerated" classname="com.fdmgroup.fdmazon.model.OrderTest" time="0"/>
  <testcase name="test_GetOrderedDateTime_ReturnNotNull_WhenCalled" classname="com.fdmgroup.fdmazon.model.OrderTest" time="0"/>
  <testcase name="test_ToString_PrintOrder" classname="com.fdmgroup.fdmazon.model.OrderTest" time="0.012"/>
  <testcase name="test_FieldConstructor_OrderObjectIsInitialised_ReturnNotNull" classname="com.fdmgroup.fdmazon.model.OrderTest" time="0"/>
  <testcase name="test_AddOrderProduct_ReturnListSizeOne_WhenAddedAnOrderProduct" classname="com.fdmgroup.fdmazon.model.OrderTest" time="0.001"/>
  <testcase name="test_GetShipHouseNo_ReturnShipHouseNo_WhenCalled" classname="com.fdmgroup.fdmazon.model.OrderTest" time="0.001"/>
  <testcase name="test_GetRecipient_ReturnRecipient_WhenCalled" classname="com.fdmgroup.fdmazon.model.OrderTest" time="0"/>
  <testcase name="test_SetOrderProductList_ReturnList_WhenSetToList" classname="com.fdmgroup.fdmazon.model.OrderTest" time="0"/>
  <testcase name="testSetShipHouseNo_ReturnABC_WhenSetToABC" classname="com.fdmgroup.fdmazon.model.OrderTest" time="0"/>
  <testcase name="test_GetShipPostcode_ReturnShipPostcode_WhenCalled" classname="com.fdmgroup.fdmazon.model.OrderTest" time="0"/>
  <testcase name="test_GetReturnedDateTime_ReturnNull_WhenCalled" classname="com.fdmgroup.fdmazon.model.OrderTest" time="0"/>
  <testcase name="test_GetCancelledDateTime_ReturnNull_WhenCalled" classname="com.fdmgroup.fdmazon.model.OrderTest" time="0.001"/>
  <testcase name="test_GetShippedDateTime_ReturnNull_WhenCalled" classname="com.fdmgroup.fdmazon.model.OrderTest" time="0"/>
  <testcase name="test_SetOrderedDateTime_ReturnDate_WhenSetToDate" classname="com.fdmgroup.fdmazon.model.OrderTest" time="0"/>
  <testcase name="test_GetUser_ReturnUser_WhenCalled" classname="com.fdmgroup.fdmazon.model.OrderTest" time="0.001"/>
  <testcase name="test_SetShipCountry_ReturnABC_WhenSetToABC" classname="com.fdmgroup.fdmazon.model.OrderTest" time="0"/>
  <testcase name="test_GetOrderId_ReturnNotNull_WhenCalled" classname="com.fdmgroup.fdmazon.model.OrderTest" time="0"/>
  <testcase name="test_GetPackedDateTime_ReturnNull_WhenCalled" classname="com.fdmgroup.fdmazon.model.OrderTest" time="0"/>
  <testcase name="test_GetShipTown_ReturnShipTown_WhenCalled" classname="com.fdmgroup.fdmazon.model.OrderTest" time="0"/>
  <testcase name="test_SetRecipient_ReturnABC_WhenSetToABC" classname="com.fdmgroup.fdmazon.model.OrderTest" time="0"/>
  <testcase name="test_SetCancelledDateTime_ReturnDate_WhenSetToDate" classname="com.fdmgroup.fdmazon.model.OrderTest" time="0"/>
  <testcase name="test_SetReturnedDateTime_ReturnDate_WhenSetToDate" classname="com.fdmgroup.fdmazon.model.OrderTest" time="0"/>
  <testcase name="test_SetShipStreet_ReturnABC_WhenSetToABC" classname="com.fdmgroup.fdmazon.model.OrderTest" time="0"/>
  <testcase name="test_SetTrackingCode_ReturnABC_WhenSetToABC" classname="com.fdmgroup.fdmazon.model.OrderTest" time="0"/>
  <testcase name="test_SetShippedDateTime_ReturnDate_WhenSetToDate" classname="com.fdmgroup.fdmazon.model.OrderTest" time="0"/>
  <testcase name="test_SetPackedDateTime_ReturnDate_WhenSetToDate" classname="com.fdmgroup.fdmazon.model.OrderTest" time="0"/>
  <testcase name="test_SetShipPostcode_ReturnABC_WhenSetToABC" classname="com.fdmgroup.fdmazon.model.OrderTest" time="0"/>
  <testcase name="test_GetShipStreet_ReturnShipStreet_WhenCalled" classname="com.fdmgroup.fdmazon.model.OrderTest" time="0"/>
  <testcase name="test_SetShipTown_ReturnABC_WhenSetToABC" classname="com.fdmgroup.fdmazon.model.OrderTest" time="0.001"/>
  <testcase name="test_GetOrderProductList_ReturnList_WhenCalled" classname="com.fdmgroup.fdmazon.model.OrderTest" time="0"/>
  <testcase name="test_GetShipCountry_ReturnShipCountry_WhenCalled" classname="com.fdmgroup.fdmazon.model.OrderTest" time="0"/>
  <testcase name="test_TrackingCodeGenerator_ReturnNotNull_WhenCalled" classname="com.fdmgroup.fdmazon.model.OrderTest" time="0"/>
  <testcase name="test_GetTrackingCode_ReturnNotNull_WhenCalled" classname="com.fdmgroup.fdmazon.model.OrderTest" time="0"/>
</testsuite>